
(sublime_text:1945): GLib-CRITICAL **: Source ID 812 was not found when attempting to remove it

(sublime_text:1945): GLib-CRITICAL **: Source ID 2328 was not found when attempting to remove it

(sublime_text:1945): GLib-CRITICAL **: Source ID 2429 was not found when attempting to remove it

(sublime_text:1945): GLib-CRITICAL **: Source ID 2506 was not found when attempting to remove it

(sublime_text:1945): GLib-CRITICAL **: Source ID 3758 was not found when attempting to remove it

(sublime_text:1945): GLib-CRITICAL **: Source ID 3764 was not found when attempting to remove it

(sublime_text:1945): GLib-CRITICAL **: Source ID 5511 was not found when attempting to remove it

(sublime_text:1945): GLib-CRITICAL **: Source ID 9808 was not found when attempting to remove it

(sublime_text:1945): GLib-CRITICAL **: Source ID 13688 was not found when attempting to remove it

(sublime_text:1945): GLib-CRITICAL **: Source ID 18734 was not found when attempting to remove it

(sublime_text:1945): GLib-CRITICAL **: Source ID 21833 was not found when attempting to remove it

(sublime_text:1945): GLib-CRITICAL **: Source ID 22609 was not found when attempting to remove it

(sublime_text:1945): GLib-CRITICAL **: Source ID 23376 was not found when attempting to remove it

(sublime_text:1945): GLib-CRITICAL **: Source ID 26869 was not found when attempting to remove it

(sublime_text:1945): GLib-CRITICAL **: Source ID 36791 was not found when attempting to remove it

(sublime_text:1945): GLib-CRITICAL **: Source ID 38745 was not found when attempting to remove it

(sublime_text:1945): GLib-CRITICAL **: Source ID 40685 was not found when attempting to remove it

(sublime_text:1945): GLib-CRITICAL **: Source ID 44514 was not found when attempting to remove it

(sublime_text:1945): GLib-CRITICAL **: Source ID 104942 was not found when attempting to remove it

(sublime_text:1945): GLib-CRITICAL **: Source ID 108046 was not found when attempting to remove it

(sublime_text:1945): GLib-CRITICAL **: Source ID 111534 was not found when attempting to remove it

(sublime_text:1945): GLib-CRITICAL **: Source ID 112693 was not found when attempting to remove it

(sublime_text:1945): GLib-CRITICAL **: Source ID 120063 was not found when attempting to remove it

(sublime_text:1945): GLib-CRITICAL **: Source ID 125105 was not found when attempting to remove it

(sublime_text:1945): GLib-CRITICAL **: Source ID 125874 was not found when attempting to remove it

(sublime_text:1945): GLib-CRITICAL **: Source ID 128836 was not found when attempting to remove it

(sublime_text:1945): GLib-CRITICAL **: Source ID 130635 was not found when attempting to remove it

(sublime_text:1945): GLib-CRITICAL **: Source ID 137063 was not found when attempting to remove it

(sublime_text:1945): GLib-CRITICAL **: Source ID 137067 was not found when attempting to remove it

(sublime_text:1945): GLib-CRITICAL **: Source ID 232550 was not found when attempting to remove it

(sublime_text:1945): GLib-CRITICAL **: Source ID 232562 was not found when attempting to remove it

(sublime_text:1945): GLib-CRITICAL **: Source ID 240631 was not found when attempting to remove it

(sublime_text:1945): GLib-CRITICAL **: Source ID 240643 was not found when attempting to remove it

(sublime_text:1945): GLib-CRITICAL **: Source ID 278864 was not found when attempting to remove it

(sublime_text:1945): GLib-CRITICAL **: Source ID 279222 was not found when attempting to remove it

(sublime_text:1945): GLib-CRITICAL **: Source ID 288068 was not found when attempting to remove it

(sublime_text:1945): GLib-CRITICAL **: Source ID 288362 was not found when attempting to remove it

(sublime_text:1945): GLib-CRITICAL **: Source ID 288368 was not found when attempting to remove it

(sublime_text:1945): GLib-CRITICAL **: Source ID 288543 was not found when attempting to remove it

(sublime_text:1945): GLib-CRITICAL **: Source ID 290161 was not found when attempting to remove it

(sublime_text:1945): GLib-CRITICAL **: Source ID 291413 was not found when attempting to remove it

(sublime_text:1945): GLib-CRITICAL **: Source ID 296451 was not found when attempting to remove it

(sublime_text:1945): GLib-CRITICAL **: Source ID 298388 was not found when attempting to remove it

(sublime_text:1945): GLib-CRITICAL **: Source ID 308481 was not found when attempting to remove it

(sublime_text:1945): GLib-CRITICAL **: Source ID 310417 was not found when attempting to remove it

(sublime_text:1945): GLib-CRITICAL **: Source ID 320889 was not found when attempting to remove it

(sublime_text:1945): GLib-CRITICAL **: Source ID 321661 was not found when attempting to remove it

(sublime_text:1945): GLib-CRITICAL **: Source ID 323984 was not found when attempting to remove it

(sublime_text:1945): GLib-CRITICAL **: Source ID 330815 was not found when attempting to remove it

(sublime_text:1945): GLib-CRITICAL **: Source ID 330819 was not found when attempting to remove it

(sublime_text:1945): GLib-CRITICAL **: Source ID 333407 was not found when attempting to remove it

(sublime_text:1945): GLib-CRITICAL **: Source ID 334956 was not found when attempting to remove it

(sublime_text:1945): GLib-CRITICAL **: Source ID 338001 was not found when attempting to remove it

(sublime_text:1945): GLib-CRITICAL **: Source ID 338007 was not found when attempting to remove it

(sublime_text:1945): GLib-CRITICAL **: Source ID 340718 was not found when attempting to remove it

(sublime_text:1945): GLib-CRITICAL **: Source ID 349071 was not found when attempting to remove it

(sublime_text:1945): GLib-CRITICAL **: Source ID 359146 was not found when attempting to remove it

(sublime_text:1945): GLib-CRITICAL **: Source ID 382769 was not found when attempting to remove it

(sublime_text:1945): GLib-CRITICAL **: Source ID 382785 was not found when attempting to remove it

(sublime_text:1945): GLib-CRITICAL **: Source ID 383100 was not found when attempting to remove it

(sublime_text:1945): GLib-CRITICAL **: Source ID 383459 was not found when attempting to remove it

(sublime_text:1945): GLib-CRITICAL **: Source ID 415672 was not found when attempting to remove it

(sublime_text:1945): GLib-CRITICAL **: Source ID 415680 was not found when attempting to remove it

(sublime_text:1945): GLib-CRITICAL **: Source ID 415861 was not found when attempting to remove it

(sublime_text:1945): GLib-CRITICAL **: Source ID 415867 was not found when attempting to remove it

(sublime_text:1945): GLib-CRITICAL **: Source ID 416464 was not found when attempting to remove it

(sublime_text:1945): GLib-CRITICAL **: Source ID 416468 was not found when attempting to remove it

(sublime_text:1945): GLib-CRITICAL **: Source ID 419289 was not found when attempting to remove it

(sublime_text:1945): GLib-CRITICAL **: Source ID 421614 was not found when attempting to remove it

(sublime_text:1945): GLib-CRITICAL **: Source ID 430573 was not found when attempting to remove it

(sublime_text:1945): GLib-CRITICAL **: Source ID 435224 was not found when attempting to remove it

(sublime_text:1945): GLib-CRITICAL **: Source ID 435992 was not found when attempting to remove it

(sublime_text:1945): GLib-CRITICAL **: Source ID 439479 was not found when attempting to remove it

(sublime_text:1945): GLib-CRITICAL **: Source ID 451126 was not found when attempting to remove it

(sublime_text:1945): GLib-CRITICAL **: Source ID 453057 was not found when attempting to remove it

(sublime_text:1945): GLib-CRITICAL **: Source ID 460815 was not found when attempting to remove it

(sublime_text:1945): GLib-CRITICAL **: Source ID 461583 was not found when attempting to remove it

(sublime_text:1945): GLib-CRITICAL **: Source ID 466624 was not found when attempting to remove it

(sublime_text:1945): GLib-CRITICAL **: Source ID 468559 was not found when attempting to remove it

(sublime_text:1945): GLib-CRITICAL **: Source ID 472344 was not found when attempting to remove it

(sublime_text:1945): GLib-CRITICAL **: Source ID 472509 was not found when attempting to remove it

(sublime_text:1945): GLib-CRITICAL **: Source ID 472562 was not found when attempting to remove it

(sublime_text:1945): GLib-CRITICAL **: Source ID 472568 was not found when attempting to remove it

(sublime_text:1945): GLib-CRITICAL **: Source ID 472675 was not found when attempting to remove it

(sublime_text:1945): GLib-CRITICAL **: Source ID 472753 was not found when attempting to remove it

(sublime_text:1945): GLib-CRITICAL **: Source ID 472836 was not found when attempting to remove it

(sublime_text:1945): GLib-CRITICAL **: Source ID 472840 was not found when attempting to remove it

(sublime_text:1945): GLib-CRITICAL **: Source ID 473555 was not found when attempting to remove it

(sublime_text:1945): GLib-CRITICAL **: Source ID 473561 was not found when attempting to remove it

(sublime_text:1945): GLib-CRITICAL **: Source ID 473565 was not found when attempting to remove it

(sublime_text:1945): GLib-CRITICAL **: Source ID 473571 was not found when attempting to remove it

(sublime_text:1945): GLib-CRITICAL **: Source ID 473583 was not found when attempting to remove it

(sublime_text:1945): GLib-CRITICAL **: Source ID 473589 was not found when attempting to remove it

(sublime_text:1945): GLib-CRITICAL **: Source ID 473593 was not found when attempting to remove it

(sublime_text:1945): GLib-CRITICAL **: Source ID 473603 was not found when attempting to remove it

(sublime_text:1945): GLib-CRITICAL **: Source ID 473607 was not found when attempting to remove it

(sublime_text:1945): GLib-CRITICAL **: Source ID 473613 was not found when attempting to remove it

(sublime_text:1945): GLib-CRITICAL **: Source ID 473617 was not found when attempting to remove it

(sublime_text:1945): GLib-CRITICAL **: Source ID 473623 was not found when attempting to remove it

(sublime_text:1945): GLib-CRITICAL **: Source ID 473627 was not found when attempting to remove it

(sublime_text:1945): GLib-CRITICAL **: Source ID 473633 was not found when attempting to remove it

(sublime_text:1945): GLib-CRITICAL **: Source ID 473637 was not found when attempting to remove it

(sublime_text:1945): GLib-CRITICAL **: Source ID 473643 was not found when attempting to remove it

(sublime_text:1945): GLib-CRITICAL **: Source ID 473647 was not found when attempting to remove it

(sublime_text:1945): GLib-CRITICAL **: Source ID 473653 was not found when attempting to remove it

(sublime_text:1945): GLib-CRITICAL **: Source ID 473657 was not found when attempting to remove it

(sublime_text:1945): GLib-CRITICAL **: Source ID 473663 was not found when attempting to remove it

(sublime_text:1945): GLib-CRITICAL **: Source ID 473667 was not found when attempting to remove it

(sublime_text:1945): GLib-CRITICAL **: Source ID 473673 was not found when attempting to remove it

(sublime_text:1945): GLib-CRITICAL **: Source ID 473677 was not found when attempting to remove it

(sublime_text:1945): GLib-CRITICAL **: Source ID 473683 was not found when attempting to remove it

(sublime_text:1945): GLib-CRITICAL **: Source ID 473687 was not found when attempting to remove it

(sublime_text:1945): GLib-CRITICAL **: Source ID 473693 was not found when attempting to remove it

(sublime_text:1945): GLib-CRITICAL **: Source ID 473697 was not found when attempting to remove it

(sublime_text:1945): GLib-CRITICAL **: Source ID 473703 was not found when attempting to remove it

(sublime_text:1945): GLib-CRITICAL **: Source ID 473707 was not found when attempting to remove it

(sublime_text:1945): GLib-CRITICAL **: Source ID 473713 was not found when attempting to remove it

(sublime_text:1945): GLib-CRITICAL **: Source ID 473717 was not found when attempting to remove it

(sublime_text:1945): GLib-CRITICAL **: Source ID 473723 was not found when attempting to remove it

(sublime_text:1945): GLib-CRITICAL **: Source ID 473727 was not found when attempting to remove it

(sublime_text:1945): GLib-CRITICAL **: Source ID 473733 was not found when attempting to remove it

(sublime_text:1945): GLib-CRITICAL **: Source ID 473737 was not found when attempting to remove it

(sublime_text:1945): GLib-CRITICAL **: Source ID 473743 was not found when attempting to remove it

(sublime_text:1945): GLib-CRITICAL **: Source ID 473747 was not found when attempting to remove it

(sublime_text:1945): GLib-CRITICAL **: Source ID 473753 was not found when attempting to remove it

(sublime_text:1945): GLib-CRITICAL **: Source ID 473757 was not found when attempting to remove it

(sublime_text:1945): GLib-CRITICAL **: Source ID 473763 was not found when attempting to remove it

(sublime_text:1945): GLib-CRITICAL **: Source ID 473767 was not found when attempting to remove it

(sublime_text:1945): GLib-CRITICAL **: Source ID 473773 was not found when attempting to remove it

(sublime_text:1945): GLib-CRITICAL **: Source ID 473777 was not found when attempting to remove it

(sublime_text:1945): GLib-CRITICAL **: Source ID 473783 was not found when attempting to remove it

(sublime_text:1945): GLib-CRITICAL **: Source ID 473787 was not found when attempting to remove it

(sublime_text:1945): GLib-CRITICAL **: Source ID 473793 was not found when attempting to remove it

(sublime_text:1945): GLib-CRITICAL **: Source ID 473797 was not found when attempting to remove it

(sublime_text:1945): GLib-CRITICAL **: Source ID 473803 was not found when attempting to remove it

(sublime_text:1945): GLib-CRITICAL **: Source ID 473807 was not found when attempting to remove it

(sublime_text:1945): GLib-CRITICAL **: Source ID 473813 was not found when attempting to remove it

(sublime_text:1945): GLib-CRITICAL **: Source ID 473817 was not found when attempting to remove it

(sublime_text:1945): GLib-CRITICAL **: Source ID 473823 was not found when attempting to remove it

(sublime_text:1945): GLib-CRITICAL **: Source ID 473827 was not found when attempting to remove it

(sublime_text:1945): GLib-CRITICAL **: Source ID 473833 was not found when attempting to remove it

(sublime_text:1945): GLib-CRITICAL **: Source ID 473837 was not found when attempting to remove it

(sublime_text:1945): GLib-CRITICAL **: Source ID 473843 was not found when attempting to remove it

(sublime_text:1945): GLib-CRITICAL **: Source ID 473847 was not found when attempting to remove it

(sublime_text:1945): GLib-CRITICAL **: Source ID 473853 was not found when attempting to remove it

(sublime_text:1945): GLib-CRITICAL **: Source ID 473857 was not found when attempting to remove it

(sublime_text:1945): GLib-CRITICAL **: Source ID 473863 was not found when attempting to remove it

(sublime_text:1945): GLib-CRITICAL **: Source ID 473867 was not found when attempting to remove it

(sublime_text:1945): GLib-CRITICAL **: Source ID 473873 was not found when attempting to remove it

(sublime_text:1945): GLib-CRITICAL **: Source ID 473877 was not found when attempting to remove it

(sublime_text:1945): GLib-CRITICAL **: Source ID 473883 was not found when attempting to remove it

(sublime_text:1945): GLib-CRITICAL **: Source ID 473887 was not found when attempting to remove it

(sublime_text:1945): GLib-CRITICAL **: Source ID 473893 was not found when attempting to remove it

(sublime_text:1945): GLib-CRITICAL **: Source ID 473897 was not found when attempting to remove it

(sublime_text:1945): GLib-CRITICAL **: Source ID 473903 was not found when attempting to remove it

(sublime_text:1945): GLib-CRITICAL **: Source ID 473907 was not found when attempting to remove it

(sublime_text:1945): GLib-CRITICAL **: Source ID 473913 was not found when attempting to remove it

(sublime_text:1945): GLib-CRITICAL **: Source ID 473917 was not found when attempting to remove it

(sublime_text:1945): GLib-CRITICAL **: Source ID 473923 was not found when attempting to remove it

(sublime_text:1945): GLib-CRITICAL **: Source ID 473927 was not found when attempting to remove it

(sublime_text:1945): GLib-CRITICAL **: Source ID 473933 was not found when attempting to remove it

(sublime_text:1945): GLib-CRITICAL **: Source ID 473937 was not found when attempting to remove it

(sublime_text:1945): GLib-CRITICAL **: Source ID 473943 was not found when attempting to remove it

(sublime_text:1945): GLib-CRITICAL **: Source ID 473947 was not found when attempting to remove it

(sublime_text:1945): GLib-CRITICAL **: Source ID 473953 was not found when attempting to remove it

(sublime_text:1945): GLib-CRITICAL **: Source ID 473957 was not found when attempting to remove it

(sublime_text:1945): GLib-CRITICAL **: Source ID 473967 was not found when attempting to remove it

(sublime_text:1945): GLib-CRITICAL **: Source ID 473979 was not found when attempting to remove it

(sublime_text:1945): GLib-CRITICAL **: Source ID 473993 was not found when attempting to remove it

(sublime_text:1945): GLib-CRITICAL **: Source ID 481901 was not found when attempting to remove it

(sublime_text:1945): GLib-CRITICAL **: Source ID 483448 was not found when attempting to remove it

(sublime_text:1945): GLib-CRITICAL **: Source ID 485374 was not found when attempting to remove it

(sublime_text:1945): GLib-CRITICAL **: Source ID 487263 was not found when attempting to remove it

(sublime_text:1945): GLib-CRITICAL **: Source ID 490804 was not found when attempting to remove it

(sublime_text:1945): GLib-CRITICAL **: Source ID 495452 was not found when attempting to remove it

(sublime_text:1945): GLib-CRITICAL **: Source ID 502437 was not found when attempting to remove it

(sublime_text:1945): GLib-CRITICAL **: Source ID 507479 was not found when attempting to remove it

(sublime_text:1945): GLib-CRITICAL **: Source ID 509414 was not found when attempting to remove it

(sublime_text:1945): GLib-CRITICAL **: Source ID 512577 was not found when attempting to remove it

(sublime_text:1945): GLib-CRITICAL **: Source ID 518691 was not found when attempting to remove it

(sublime_text:1945): GLib-CRITICAL **: Source ID 521572 was not found when attempting to remove it

(sublime_text:1945): GLib-CRITICAL **: Source ID 521578 was not found when attempting to remove it

(sublime_text:1945): GLib-CRITICAL **: Source ID 521594 was not found when attempting to remove it

(sublime_text:1945): GLib-CRITICAL **: Source ID 521650 was not found when attempting to remove it

(sublime_text:1945): GLib-CRITICAL **: Source ID 525535 was not found when attempting to remove it

(sublime_text:1945): GLib-CRITICAL **: Source ID 672120 was not found when attempting to remove it

(sublime_text:1945): GLib-CRITICAL **: Source ID 672124 was not found when attempting to remove it

(sublime_text:1945): GLib-CRITICAL **: Source ID 672178 was not found when attempting to remove it

(sublime_text:1945): GLib-CRITICAL **: Source ID 672186 was not found when attempting to remove it

(sublime_text:1945): GLib-CRITICAL **: Source ID 672198 was not found when attempting to remove it

(sublime_text:1945): GLib-CRITICAL **: Source ID 672853 was not found when attempting to remove it

(sublime_text:1945): GLib-CRITICAL **: Source ID 673240 was not found when attempting to remove it

(sublime_text:1945): GLib-CRITICAL **: Source ID 730854 was not found when attempting to remove it

(sublime_text:1945): GLib-CRITICAL **: Source ID 768474 was not found when attempting to remove it

(sublime_text:1945): GLib-CRITICAL **: Source ID 768548 was not found when attempting to remove it

(sublime_text:1945): GLib-CRITICAL **: Source ID 768552 was not found when attempting to remove it

(sublime_text:1945): GLib-CRITICAL **: Source ID 769981 was not found when attempting to remove it

(sublime_text:1945): GLib-CRITICAL **: Source ID 778378 was not found when attempting to remove it

(sublime_text:1945): GLib-CRITICAL **: Source ID 778566 was not found when attempting to remove it

(sublime_text:1945): GLib-CRITICAL **: Source ID 778572 was not found when attempting to remove it

(sublime_text:1945): GLib-CRITICAL **: Source ID 780146 was not found when attempting to remove it

(sublime_text:1945): GLib-CRITICAL **: Source ID 780150 was not found when attempting to remove it

(sublime_text:4526): GLib-CRITICAL **: Source ID 6519 was not found when attempting to remove it

(sublime_text:4526): GLib-CRITICAL **: Source ID 9236 was not found when attempting to remove it

(sublime_text:4526): GLib-CRITICAL **: Source ID 11560 was not found when attempting to remove it

(sublime_text:4526): GLib-CRITICAL **: Source ID 15427 was not found when attempting to remove it

(sublime_text:4526): GLib-CRITICAL **: Source ID 19301 was not found when attempting to remove it

(sublime_text:4526): GLib-CRITICAL **: Source ID 29387 was not found when attempting to remove it

(sublime_text:4526): GLib-CRITICAL **: Source ID 41422 was not found when attempting to remove it

(sublime_text:4526): GLib-CRITICAL **: Source ID 46079 was not found when attempting to remove it

(sublime_text:4526): GLib-CRITICAL **: Source ID 51122 was not found when attempting to remove it

(sublime_text:4526): GLib-CRITICAL **: Source ID 63907 was not found when attempting to remove it

(sublime_text:4526): GLib-CRITICAL **: Source ID 67398 was not found when attempting to remove it

(sublime_text:4526): GLib-CRITICAL **: Source ID 73591 was not found when attempting to remove it

(sublime_text:4526): GLib-CRITICAL **: Source ID 76697 was not found when attempting to remove it

(sublime_text:4526): GLib-CRITICAL **: Source ID 82512 was not found when attempting to remove it

(sublime_text:4526): GLib-CRITICAL **: Source ID 83282 was not found when attempting to remove it

(sublime_text:4526): GLib-CRITICAL **: Source ID 84437 was not found when attempting to remove it

(sublime_text:4526): GLib-CRITICAL **: Source ID 85592 was not found when attempting to remove it

(sublime_text:4526): GLib-CRITICAL **: Source ID 87915 was not found when attempting to remove it

(sublime_text:4526): GLib-CRITICAL **: Source ID 88684 was not found when attempting to remove it

(sublime_text:4526): GLib-CRITICAL **: Source ID 96829 was not found when attempting to remove it

(sublime_text:4526): GLib-CRITICAL **: Source ID 97988 was not found when attempting to remove it

(sublime_text:4526): GLib-CRITICAL **: Source ID 103033 was not found when attempting to remove it

(sublime_text:4526): GLib-CRITICAL **: Source ID 111950 was not found when attempting to remove it

(sublime_text:4526): GLib-CRITICAL **: Source ID 116212 was not found when attempting to remove it

(sublime_text:4526): GLib-CRITICAL **: Source ID 117755 was not found when attempting to remove it

(sublime_text:4526): GLib-CRITICAL **: Source ID 124747 was not found when attempting to remove it

(sublime_text:4526): GLib-CRITICAL **: Source ID 132123 was not found when attempting to remove it

(sublime_text:4526): GLib-CRITICAL **: Source ID 135221 was not found when attempting to remove it

(sublime_text:4526): GLib-CRITICAL **: Source ID 137692 was not found when attempting to remove it

(sublime_text:4526): GLib-CRITICAL **: Source ID 280184 was not found when attempting to remove it

(sublime_text:4526): GLib-CRITICAL **: Source ID 282616 was not found when attempting to remove it

(sublime_text:4526): GLib-CRITICAL **: Source ID 283823 was not found when attempting to remove it

(sublime_text:4526): GLib-CRITICAL **: Source ID 287253 was not found when attempting to remove it

(sublime_text:4526): GLib-CRITICAL **: Source ID 330209 was not found when attempting to remove it

(sublime_text:4526): GLib-CRITICAL **: Source ID 330977 was not found when attempting to remove it

(sublime_text:4526): GLib-CRITICAL **: Source ID 331745 was not found when attempting to remove it

(sublime_text:4526): GLib-CRITICAL **: Source ID 339675 was not found when attempting to remove it

(sublime_text:4526): GLib-CRITICAL **: Source ID 361340 was not found when attempting to remove it

(sublime_text:4526): GLib-CRITICAL **: Source ID 361576 was not found when attempting to remove it

(sublime_text:4526): GLib-CRITICAL **: Source ID 361658 was not found when attempting to remove it

(sublime_text:4526): GLib-CRITICAL **: Source ID 570909 was not found when attempting to remove it

(sublime_text:4526): GLib-CRITICAL **: Source ID 572104 was not found when attempting to remove it

(sublime_text:4526): GLib-CRITICAL **: Source ID 576967 was not found when attempting to remove it

(sublime_text:4526): GLib-CRITICAL **: Source ID 577014 was not found when attempting to remove it

(sublime_text:4526): GLib-CRITICAL **: Source ID 577204 was not found when attempting to remove it

(sublime_text:4526): GLib-CRITICAL **: Source ID 580330 was not found when attempting to remove it

(sublime_text:4526): GLib-CRITICAL **: Source ID 610580 was not found when attempting to remove it

(sublime_text:4526): GLib-CRITICAL **: Source ID 615699 was not found when attempting to remove it

(sublime_text:4526): GLib-CRITICAL **: Source ID 616187 was not found when attempting to remove it

(sublime_text:4526): GLib-CRITICAL **: Source ID 619042 was not found when attempting to remove it

(sublime_text:4526): GLib-CRITICAL **: Source ID 620767 was not found when attempting to remove it

(sublime_text:4526): GLib-CRITICAL **: Source ID 632657 was not found when attempting to remove it

(sublime_text:4526): GLib-CRITICAL **: Source ID 632663 was not found when attempting to remove it

(sublime_text:4526): GLib-CRITICAL **: Source ID 633301 was not found when attempting to remove it

(sublime_text:4526): GLib-CRITICAL **: Source ID 644589 was not found when attempting to remove it

(sublime_text:4526): GLib-CRITICAL **: Source ID 644593 was not found when attempting to remove it

(sublime_text:4526): GLib-CRITICAL **: Source ID 644858 was not found when attempting to remove it

(sublime_text:4526): GLib-CRITICAL **: Source ID 644914 was not found when attempting to remove it

(sublime_text:4526): GLib-CRITICAL **: Source ID 651097 was not found when attempting to remove it

(sublime_text:4526): GLib-CRITICAL **: Source ID 658042 was not found when attempting to remove it

(sublime_text:4526): GLib-CRITICAL **: Source ID 663479 was not found when attempting to remove it

(sublime_text:4526): GLib-CRITICAL **: Source ID 678619 was not found when attempting to remove it

(sublime_text:4526): GLib-CRITICAL **: Source ID 680942 was not found when attempting to remove it

(sublime_text:4526): GLib-CRITICAL **: Source ID 689466 was not found when attempting to remove it

(sublime_text:4526): GLib-CRITICAL **: Source ID 693180 was not found when attempting to remove it

(sublime_text:4526): GLib-CRITICAL **: Source ID 695436 was not found when attempting to remove it

(sublime_text:4526): GLib-CRITICAL **: Source ID 695442 was not found when attempting to remove it

(sublime_text:4526): GLib-CRITICAL **: Source ID 695677 was not found when attempting to remove it

(sublime_text:4526): GLib-CRITICAL **: Source ID 695837 was not found when attempting to remove it

(sublime_text:4526): GLib-CRITICAL **: Source ID 753544 was not found when attempting to remove it

(sublime_text:4526): GLib-CRITICAL **: Source ID 753780 was not found when attempting to remove it

(sublime_text:4526): GLib-CRITICAL **: Source ID 754119 was not found when attempting to remove it

(sublime_text:4526): GLib-CRITICAL **: Source ID 754351 was not found when attempting to remove it

(sublime_text:4526): GLib-CRITICAL **: Source ID 754362 was not found when attempting to remove it

(sublime_text:4526): GLib-CRITICAL **: Source ID 754561 was not found when attempting to remove it

(sublime_text:4526): GLib-CRITICAL **: Source ID 754921 was not found when attempting to remove it

(sublime_text:4526): GLib-CRITICAL **: Source ID 756468 was not found when attempting to remove it

(sublime_text:4526): GLib-CRITICAL **: Source ID 758041 was not found when attempting to remove it

(sublime_text:4526): GLib-CRITICAL **: Source ID 785994 was not found when attempting to remove it

(sublime_text:4526): GLib-CRITICAL **: Source ID 817972 was not found when attempting to remove it

(sublime_text:4526): GLib-CRITICAL **: Source ID 843018 was not found when attempting to remove it

(sublime_text:4526): GLib-CRITICAL **: Source ID 843556 was not found when attempting to remove it

(sublime_text:4526): GLib-CRITICAL **: Source ID 847836 was not found when attempting to remove it

(sublime_text:4526): GLib-CRITICAL **: Source ID 848115 was not found when attempting to remove it

(sublime_text:4526): GLib-CRITICAL **: Source ID 848119 was not found when attempting to remove it

(sublime_text:4526): GLib-CRITICAL **: Source ID 851221 was not found when attempting to remove it

(sublime_text:4526): GLib-CRITICAL **: Source ID 900230 was not found when attempting to remove it

(sublime_text:4526): GLib-CRITICAL **: Source ID 901476 was not found when attempting to remove it

(sublime_text:4526): GLib-CRITICAL **: Source ID 910086 was not found when attempting to remove it

(sublime_text:4526): GLib-CRITICAL **: Source ID 923817 was not found when attempting to remove it

(sublime_text:4526): GLib-CRITICAL **: Source ID 923823 was not found when attempting to remove it

(sublime_text:4526): GLib-CRITICAL **: Source ID 926117 was not found when attempting to remove it

(sublime_text:4526): GLib-CRITICAL **: Source ID 926626 was not found when attempting to remove it

(sublime_text:4526): GLib-CRITICAL **: Source ID 946741 was not found when attempting to remove it

(sublime_text:4526): GLib-CRITICAL **: Source ID 946831 was not found when attempting to remove it

(sublime_text:4526): GLib-CRITICAL **: Source ID 979965 was not found when attempting to remove it

(sublime_text:4526): GLib-CRITICAL **: Source ID 980758 was not found when attempting to remove it

(sublime_text:4526): GLib-CRITICAL **: Source ID 1010250 was not found when attempting to remove it

(sublime_text:4526): GLib-CRITICAL **: Source ID 1011411 was not found when attempting to remove it

(sublime_text:4526): GLib-CRITICAL **: Source ID 1017662 was not found when attempting to remove it

(sublime_text:4526): GLib-CRITICAL **: Source ID 1046169 was not found when attempting to remove it

(sublime_text:4526): GLib-CRITICAL **: Source ID 1046939 was not found when attempting to remove it

(sublime_text:4526): GLib-CRITICAL **: Source ID 1057419 was not found when attempting to remove it

(sublime_text:4526): GLib-CRITICAL **: Source ID 1058579 was not found when attempting to remove it

(sublime_text:4526): GLib-CRITICAL **: Source ID 1059349 was not found when attempting to remove it

(sublime_text:4526): GLib-CRITICAL **: Source ID 1060507 was not found when attempting to remove it

(sublime_text:4526): GLib-CRITICAL **: Source ID 1065155 was not found when attempting to remove it

(sublime_text:4526): GLib-CRITICAL **: Source ID 1069026 was not found when attempting to remove it

(sublime_text:4526): GLib-CRITICAL **: Source ID 1071744 was not found when attempting to remove it

(sublime_text:4526): GLib-CRITICAL **: Source ID 1074064 was not found when attempting to remove it

(sublime_text:4526): GLib-CRITICAL **: Source ID 1077936 was not found when attempting to remove it

(sublime_text:4526): GLib-CRITICAL **: Source ID 1084152 was not found when attempting to remove it

(sublime_text:4526): GLib-CRITICAL **: Source ID 1086869 was not found when attempting to remove it

(sublime_text:4526): GLib-CRITICAL **: Source ID 1096574 was not found when attempting to remove it

(sublime_text:4526): GLib-CRITICAL **: Source ID 1154969 was not found when attempting to remove it

(sublime_text:4526): GLib-CRITICAL **: Source ID 1160407 was not found when attempting to remove it

(sublime_text:4526): GLib-CRITICAL **: Source ID 1163506 was not found when attempting to remove it

(sublime_text:4526): GLib-CRITICAL **: Source ID 1173605 was not found when attempting to remove it

(sublime_text:4526): GLib-CRITICAL **: Source ID 1174373 was not found when attempting to remove it

(sublime_text:4526): GLib-CRITICAL **: Source ID 1177860 was not found when attempting to remove it

(sublime_text:4526): GLib-CRITICAL **: Source ID 1184075 was not found when attempting to remove it

(sublime_text:4526): GLib-CRITICAL **: Source ID 1188341 was not found when attempting to remove it

(sublime_text:4526): GLib-CRITICAL **: Source ID 1194546 was not found when attempting to remove it

(sublime_text:4526): GLib-CRITICAL **: Source ID 1195314 was not found when attempting to remove it

(sublime_text:4526): GLib-CRITICAL **: Source ID 1203859 was not found when attempting to remove it

(sublime_text:4526): GLib-CRITICAL **: Source ID 1205021 was not found when attempting to remove it

(sublime_text:4526): GLib-CRITICAL **: Source ID 1217059 was not found when attempting to remove it

(sublime_text:4526): GLib-CRITICAL **: Source ID 1218219 was not found when attempting to remove it

(sublime_text:4526): GLib-CRITICAL **: Source ID 1218988 was not found when attempting to remove it

(sublime_text:4526): GLib-CRITICAL **: Source ID 1224027 was not found when attempting to remove it

(sublime_text:4526): GLib-CRITICAL **: Source ID 1225969 was not found when attempting to remove it

(sublime_text:4526): GLib-CRITICAL **: Source ID 1228294 was not found when attempting to remove it

(sublime_text:4526): GLib-CRITICAL **: Source ID 1232555 was not found when attempting to remove it

(sublime_text:4526): GLib-CRITICAL **: Source ID 1233323 was not found when attempting to remove it

(sublime_text:4526): GLib-CRITICAL **: Source ID 1238368 was not found when attempting to remove it

(sublime_text:4526): GLib-CRITICAL **: Source ID 1242252 was not found when attempting to remove it

(sublime_text:4526): GLib-CRITICAL **: Source ID 1248836 was not found when attempting to remove it

(sublime_text:4526): GLib-CRITICAL **: Source ID 1277409 was not found when attempting to remove it

(sublime_text:4526): GLib-CRITICAL **: Source ID 1277978 was not found when attempting to remove it

(sublime_text:4526): GLib-CRITICAL **: Source ID 1278968 was not found when attempting to remove it

(sublime_text:4526): GLib-CRITICAL **: Source ID 1301680 was not found when attempting to remove it

(sublime_text:4526): GLib-CRITICAL **: Source ID 1301949 was not found when attempting to remove it

(sublime_text:4526): GLib-CRITICAL **: Source ID 1302238 was not found when attempting to remove it

(sublime_text:4526): GLib-CRITICAL **: Source ID 1302455 was not found when attempting to remove it

(sublime_text:4526): GLib-CRITICAL **: Source ID 1408109 was not found when attempting to remove it

(sublime_text:4526): GLib-CRITICAL **: Source ID 1408281 was not found when attempting to remove it

(sublime_text:4526): GLib-CRITICAL **: Source ID 1530007 was not found when attempting to remove it

(sublime_text:4526): GLib-CRITICAL **: Source ID 1530248 was not found when attempting to remove it

(sublime_text:4526): GLib-CRITICAL **: Source ID 1530662 was not found when attempting to remove it

(sublime_text:4526): GLib-CRITICAL **: Source ID 1599652 was not found when attempting to remove it

(sublime_text:4526): GLib-CRITICAL **: Source ID 1599672 was not found when attempting to remove it

(sublime_text:4526): GLib-CRITICAL **: Source ID 1602489 was not found when attempting to remove it

(sublime_text:4526): GLib-CRITICAL **: Source ID 1602642 was not found when attempting to remove it

(sublime_text:4526): GLib-CRITICAL **: Source ID 1602648 was not found when attempting to remove it

(sublime_text:4526): GLib-CRITICAL **: Source ID 1603290 was not found when attempting to remove it

(sublime_text:4526): GLib-CRITICAL **: Source ID 1603300 was not found when attempting to remove it

(sublime_text:4526): GLib-CRITICAL **: Source ID 1603534 was not found when attempting to remove it

(sublime_text:4526): GLib-CRITICAL **: Source ID 1603716 was not found when attempting to remove it

(sublime_text:4526): GLib-CRITICAL **: Source ID 1603726 was not found when attempting to remove it

(sublime_text:4526): GLib-CRITICAL **: Source ID 1603735 was not found when attempting to remove it

(sublime_text:4526): GLib-CRITICAL **: Source ID 1603975 was not found when attempting to remove it

(sublime_text:4526): GLib-CRITICAL **: Source ID 1603991 was not found when attempting to remove it

(sublime_text:4526): GLib-CRITICAL **: Source ID 1604050 was not found when attempting to remove it

(sublime_text:4526): GLib-CRITICAL **: Source ID 1604584 was not found when attempting to remove it

(sublime_text:4526): GLib-CRITICAL **: Source ID 1607815 was not found when attempting to remove it

(sublime_text:4526): GLib-CRITICAL **: Source ID 1608409 was not found when attempting to remove it

(sublime_text:4526): GLib-CRITICAL **: Source ID 1608413 was not found when attempting to remove it

(sublime_text:4526): GLib-CRITICAL **: Source ID 1608598 was not found when attempting to remove it

(sublime_text:4526): GLib-CRITICAL **: Source ID 1608721 was not found when attempting to remove it

(sublime_text:4526): GLib-CRITICAL **: Source ID 1608725 was not found when attempting to remove it

(sublime_text:4526): GLib-CRITICAL **: Source ID 1609919 was not found when attempting to remove it

(sublime_text:4526): GLib-CRITICAL **: Source ID 1612243 was not found when attempting to remove it

(sublime_text:4526): GLib-CRITICAL **: Source ID 1645237 was not found when attempting to remove it

(sublime_text:4526): GLib-CRITICAL **: Source ID 1645865 was not found when attempting to remove it
1508524041651	addons.update-checker	WARN	Update manifest for webcompat@mozilla.org did not contain an updates property
1508524041672	addons.update-checker	WARN	Update manifest for aushelper@mozilla.org did not contain an updates property
1508524041686	addons.update-checker	WARN	Update manifest for e10srollout@mozilla.org did not contain an updates property
1508524041699	addons.update-checker	WARN	Update manifest for firefox@getpocket.com did not contain an updates property
1508524041713	addons.update-checker	WARN	Update manifest for clicktoplay-rollout@mozilla.org did not contain an updates property
1508524041833	addons.update-checker	WARN	Update manifest for followonsearch@mozilla.com did not contain an updates property
1508524041846	addons.update-checker	WARN	Update manifest for formautofill@mozilla.org did not contain an updates property
1508524041863	addons.update-checker	WARN	Update manifest for activity-stream@mozilla.org did not contain an updates property
1508524041897	addons.update-checker	WARN	Update manifest for onboarding@mozilla.org did not contain an updates property
1508524042058	addons.update-checker	WARN	Update manifest for {972ce4c6-7e08-4474-a285-3208198ce6fd} did not contain an updates property
1508524042108	addons.update-checker	WARN	Update manifest for sbv4-gradual-rollout@mozilla.com did not contain an updates property
1508524043173	addons.xpi	ERROR	Failed to clean updated system add-ons directories.
